<?xml version="1.0" encoding="UTF-8"?>
<!-- Generated by org.testng.reporters.JUnitReportReporter -->
<testsuite hostname="W3061640KTAWV" name="com.steerlean.fizzbuzz.TestDivisibility" tests="3" failures="0" timestamp="19 Dec 2017 08:34:21 GMT" time="0.014" errors="0">
  <testcase name="testBuzzParser" time="0.000" classname="com.steerlean.fizzbuzz.TestDivisibility"/>
  <testcase name="testFizzParser" time="0.001" classname="com.steerlean.fizzbuzz.TestDivisibility"/>
  <testcase name="divisiblebyzero" time="0.013" classname="com.steerlean.fizzbuzz.TestDivisibility"/>
</testsuite> <!-- com.steerlean.fizzbuzz.TestDivisibility -->
