<?xml version="1.0" encoding="UTF-8"?>
<!-- Generated by org.testng.reporters.JUnitReportReporter -->
<testsuite hostname="W3061640KTAWV" name="com.steerlean.fizzbuzz.TestRulesConfigurator" tests="1" failures="0" timestamp="19 Dec 2017 08:34:21 GMT" time="0.030" errors="0">
  <testcase name="testConfigure" time="0.030" classname="com.steerlean.fizzbuzz.TestRulesConfigurator"/>
</testsuite> <!-- com.steerlean.fizzbuzz.TestRulesConfigurator -->
