<?xml version="1.0" encoding="UTF-8"?>
<!-- Generated by org.testng.reporters.JUnitReportReporter -->
<testsuite hostname="W3061640KTAWV" name="com.steerlean.fizzbuzz.TestRuleConfiguratorOne" tests="1" failures="0" timestamp="19 Dec 2017 07:27:54 GMT" time="0.010" errors="0">
  <testcase name="TestConfigure" time="0.010" classname="com.steerlean.fizzbuzz.TestRuleConfiguratorOne"/>
</testsuite> <!-- com.steerlean.fizzbuzz.TestRuleConfiguratorOne -->
