<?xml version="1.0" encoding="UTF-8"?>
<!-- Generated by org.testng.reporters.JUnitReportReporter -->
<testsuite hostname="W3061640KTAWV" name="com.steerlean.fizzbuzz.TestApp" tests="1" failures="0" timestamp="19 Dec 2017 07:27:54 GMT" time="0.061" errors="0">
  <testcase name="testStart" time="0.061" classname="com.steerlean.fizzbuzz.TestApp"/>
</testsuite> <!-- com.steerlean.fizzbuzz.TestApp -->
