<?xml version="1.0" encoding="UTF-8"?>
<!-- Generated by org.testng.reporters.JUnitReportReporter -->
<testsuite hostname="W3061640KTAWV" name="com.steerlean.fizzbuzz.TestSumOfDigitsDivisibility" tests="2" failures="0" timestamp="19 Dec 2017 08:31:59 GMT" time="0.016" errors="0">
  <testcase name="testParse" time="0.015" classname="com.steerlean.fizzbuzz.TestSumOfDigitsDivisibility"/>
  <testcase name="testall" time="0.001" classname="com.steerlean.fizzbuzz.TestSumOfDigitsDivisibility"/>
</testsuite> <!-- com.steerlean.fizzbuzz.TestSumOfDigitsDivisibility -->
