<?xml version="1.0" encoding="UTF-8"?>
<!-- Generated by org.testng.reporters.JUnitReportReporter -->
<testsuite hostname="W3061640KTAWV" name="com.steerlean.fizzbuzz.rule.TestRuleFactory" tests="2" failures="0" timestamp="19 Dec 2017 07:27:54 GMT" time="0.024" errors="0">
  <testcase name="testSumOfDigitalVisibility" time="0.005" classname="com.steerlean.fizzbuzz.rule.TestRuleFactory"/>
  <testcase name="testDivisibilityRuleCreation" time="0.019" classname="com.steerlean.fizzbuzz.rule.TestRuleFactory"/>
</testsuite> <!-- com.steerlean.fizzbuzz.rule.TestRuleFactory -->
